<?xml version="1.0" encoding="UTF-8"?>
<!-- Generated by org.testng.reporters.JUnitXMLReporter -->
<testsuite ignored="0" hostname="ahmads-Air.fios-router.home" failures="0" tests="7" name="Default test" time="36.495" errors="0" timestamp="15 Oct 2018 01:10:46 GMT">
  <testcase classname="com.datadriven.test.dataDrivenTest" name="discoverTittleTest" time="0.044"/>
  <testcase classname="com.datadriven.test.dataDrivenTest" name="discoverLoginTest" time="0.634"/>
  <testcase classname="com.datadriven.test.dataDrivenTest" name="discoverLoginTest" time="0.601"/>
  <testcase classname="com.datadriven.test.dataDrivenTest" name="discoverLoginTest" time="0.818"/>
  <testcase classname="com.datadriven.test.dataDrivenTest" name="discoverLoginTest" time="0.609"/>
  <testcase classname="com.datadriven.test.dataDrivenTest" name="discoverLoginTest" time="0.756"/>
  <testcase classname="com.datadriven.test.dataDrivenTest" name="discoverLoginTest" time="0.657"/>
</testsuite> <!-- Default test -->
