<?xml version="1.0" encoding="UTF-8"?>
<testng-results ignored="0" total="1" passed="1" failed="0" skipped="0">
  <reporter-output>
  </reporter-output>
  <suite started-at="2019-01-03T00:48:42Z" name="Default suite" finished-at="2019-01-03T00:48:42Z" duration-ms="903">
    <groups>
    </groups>
    <test started-at="2019-01-03T00:48:42Z" name="Default test" finished-at="2019-01-03T00:48:42Z" duration-ms="903">
      <class name="com.datadriven.test.databaseDrivenTest">
        <test-method signature="databaseTest()[pri:0, instance:com.datadriven.test.databaseDrivenTest@6c130c45]" started-at="2019-01-03T00:48:42Z" name="databaseTest" finished-at="2019-01-03T00:48:42Z" duration-ms="868" status="PASS">
          <reporter-output>
          </reporter-output>
        </test-method> <!-- databaseTest -->
      </class> <!-- com.datadriven.test.databaseDrivenTest -->
    </test> <!-- Default test -->
  </suite> <!-- Default suite -->
</testng-results>
