<?xml version="1.0" encoding="UTF-8"?>
<testng-results ignored="0" total="7" passed="7" failed="0" skipped="0">
  <reporter-output>
  </reporter-output>
  <suite started-at="2018-10-15T01:10:10Z" name="Default suite" finished-at="2018-10-15T01:10:46Z" duration-ms="36495">
    <groups>
    </groups>
    <test started-at="2018-10-15T01:10:10Z" name="Default test" finished-at="2018-10-15T01:10:46Z" duration-ms="36495">
      <class name="com.datadriven.test.dataDrivenTest">
        <test-method is-config="true" signature="setup()[pri:0, instance:com.datadriven.test.dataDrivenTest@156b88f5]" started-at="2018-10-15T01:10:10Z" name="setup" finished-at="2018-10-15T01:10:16Z" duration-ms="6044" status="PASS">
          <reporter-output>
          </reporter-output>
        </test-method> <!-- setup -->
        <test-method signature="discoverTittleTest()[pri:1, instance:com.datadriven.test.dataDrivenTest@156b88f5]" started-at="2018-10-15T01:10:16Z" name="discoverTittleTest" finished-at="2018-10-15T01:10:16Z" duration-ms="44" status="PASS">
          <reporter-output>
          </reporter-output>
        </test-method> <!-- discoverTittleTest -->
        <test-method is-config="true" signature="tearDown()[pri:0, instance:com.datadriven.test.dataDrivenTest@156b88f5]" started-at="2018-10-15T01:10:16Z" name="tearDown" finished-at="2018-10-15T01:10:16Z" duration-ms="247" status="PASS">
          <reporter-output>
          </reporter-output>
        </test-method> <!-- tearDown -->
        <test-method is-config="true" signature="setup()[pri:0, instance:com.datadriven.test.dataDrivenTest@156b88f5]" started-at="2018-10-15T01:10:18Z" name="setup" finished-at="2018-10-15T01:10:22Z" duration-ms="4285" status="PASS">
          <reporter-output>
          </reporter-output>
        </test-method> <!-- setup -->
        <test-method signature="discoverLoginTest(java.lang.String, java.lang.String)[pri:2, instance:com.datadriven.test.dataDrivenTest@156b88f5]" started-at="2018-10-15T01:10:22Z" name="discoverLoginTest" data-provider="getTestData" finished-at="2018-10-15T01:10:22Z" duration-ms="634" status="PASS">
          <params>
            <param index="0">
              <value>
                <![CDATA[abc]]>
              </value>
            </param>
            <param index="1">
              <value>
                <![CDATA[123.0]]>
              </value>
            </param>
          </params>
          <reporter-output>
          </reporter-output>
        </test-method> <!-- discoverLoginTest -->
        <test-method is-config="true" signature="tearDown()[pri:0, instance:com.datadriven.test.dataDrivenTest@156b88f5]" started-at="2018-10-15T01:10:22Z" name="tearDown" finished-at="2018-10-15T01:10:23Z" duration-ms="163" status="PASS">
          <reporter-output>
          </reporter-output>
        </test-method> <!-- tearDown -->
        <test-method is-config="true" signature="setup()[pri:0, instance:com.datadriven.test.dataDrivenTest@156b88f5]" started-at="2018-10-15T01:10:23Z" name="setup" finished-at="2018-10-15T01:10:27Z" duration-ms="4363" status="PASS">
          <reporter-output>
          </reporter-output>
        </test-method> <!-- setup -->
        <test-method signature="discoverLoginTest(java.lang.String, java.lang.String)[pri:2, instance:com.datadriven.test.dataDrivenTest@156b88f5]" started-at="2018-10-15T01:10:27Z" name="discoverLoginTest" data-provider="getTestData" finished-at="2018-10-15T01:10:28Z" duration-ms="601" status="PASS">
          <params>
            <param index="0">
              <value>
                <![CDATA[dfg]]>
              </value>
            </param>
            <param index="1">
              <value>
                <![CDATA[456.0]]>
              </value>
            </param>
          </params>
          <reporter-output>
          </reporter-output>
        </test-method> <!-- discoverLoginTest -->
        <test-method is-config="true" signature="tearDown()[pri:0, instance:com.datadriven.test.dataDrivenTest@156b88f5]" started-at="2018-10-15T01:10:28Z" name="tearDown" finished-at="2018-10-15T01:10:28Z" duration-ms="135" status="PASS">
          <reporter-output>
          </reporter-output>
        </test-method> <!-- tearDown -->
        <test-method is-config="true" signature="setup()[pri:0, instance:com.datadriven.test.dataDrivenTest@156b88f5]" started-at="2018-10-15T01:10:28Z" name="setup" finished-at="2018-10-15T01:10:31Z" duration-ms="3531" status="PASS">
          <reporter-output>
          </reporter-output>
        </test-method> <!-- setup -->
        <test-method signature="discoverLoginTest(java.lang.String, java.lang.String)[pri:2, instance:com.datadriven.test.dataDrivenTest@156b88f5]" started-at="2018-10-15T01:10:31Z" name="discoverLoginTest" data-provider="getTestData" finished-at="2018-10-15T01:10:32Z" duration-ms="818" status="PASS">
          <params>
            <param index="0">
              <value>
                <![CDATA[hjj]]>
              </value>
            </param>
            <param index="1">
              <value>
                <![CDATA[789.0]]>
              </value>
            </param>
          </params>
          <reporter-output>
          </reporter-output>
        </test-method> <!-- discoverLoginTest -->
        <test-method is-config="true" signature="tearDown()[pri:0, instance:com.datadriven.test.dataDrivenTest@156b88f5]" started-at="2018-10-15T01:10:32Z" name="tearDown" finished-at="2018-10-15T01:10:32Z" duration-ms="111" status="PASS">
          <reporter-output>
          </reporter-output>
        </test-method> <!-- tearDown -->
        <test-method is-config="true" signature="setup()[pri:0, instance:com.datadriven.test.dataDrivenTest@156b88f5]" started-at="2018-10-15T01:10:32Z" name="setup" finished-at="2018-10-15T01:10:35Z" duration-ms="2881" status="PASS">
          <reporter-output>
          </reporter-output>
        </test-method> <!-- setup -->
        <test-method signature="discoverLoginTest(java.lang.String, java.lang.String)[pri:2, instance:com.datadriven.test.dataDrivenTest@156b88f5]" started-at="2018-10-15T01:10:35Z" name="discoverLoginTest" data-provider="getTestData" finished-at="2018-10-15T01:10:36Z" duration-ms="609" status="PASS">
          <params>
            <param index="0">
              <value>
                <![CDATA[ebad]]>
              </value>
            </param>
            <param index="1">
              <value>
                <![CDATA[353535.0]]>
              </value>
            </param>
          </params>
          <reporter-output>
          </reporter-output>
        </test-method> <!-- discoverLoginTest -->
        <test-method is-config="true" signature="tearDown()[pri:0, instance:com.datadriven.test.dataDrivenTest@156b88f5]" started-at="2018-10-15T01:10:36Z" name="tearDown" finished-at="2018-10-15T01:10:36Z" duration-ms="104" status="PASS">
          <reporter-output>
          </reporter-output>
        </test-method> <!-- tearDown -->
        <test-method is-config="true" signature="setup()[pri:0, instance:com.datadriven.test.dataDrivenTest@156b88f5]" started-at="2018-10-15T01:10:36Z" name="setup" finished-at="2018-10-15T01:10:40Z" duration-ms="4382" status="PASS">
          <reporter-output>
          </reporter-output>
        </test-method> <!-- setup -->
        <test-method signature="discoverLoginTest(java.lang.String, java.lang.String)[pri:2, instance:com.datadriven.test.dataDrivenTest@156b88f5]" started-at="2018-10-15T01:10:40Z" name="discoverLoginTest" data-provider="getTestData" finished-at="2018-10-15T01:10:41Z" duration-ms="756" status="PASS">
          <params>
            <param index="0">
              <value>
                <![CDATA[elma]]>
              </value>
            </param>
            <param index="1">
              <value>
                <![CDATA[587686.0]]>
              </value>
            </param>
          </params>
          <reporter-output>
          </reporter-output>
        </test-method> <!-- discoverLoginTest -->
        <test-method is-config="true" signature="tearDown()[pri:0, instance:com.datadriven.test.dataDrivenTest@156b88f5]" started-at="2018-10-15T01:10:41Z" name="tearDown" finished-at="2018-10-15T01:10:41Z" duration-ms="132" status="PASS">
          <reporter-output>
          </reporter-output>
        </test-method> <!-- tearDown -->
        <test-method is-config="true" signature="setup()[pri:0, instance:com.datadriven.test.dataDrivenTest@156b88f5]" started-at="2018-10-15T01:10:41Z" name="setup" finished-at="2018-10-15T01:10:45Z" duration-ms="4384" status="PASS">
          <reporter-output>
          </reporter-output>
        </test-method> <!-- setup -->
        <test-method signature="discoverLoginTest(java.lang.String, java.lang.String)[pri:2, instance:com.datadriven.test.dataDrivenTest@156b88f5]" started-at="2018-10-15T01:10:45Z" name="discoverLoginTest" data-provider="getTestData" finished-at="2018-10-15T01:10:46Z" duration-ms="657" status="PASS">
          <params>
            <param index="0">
              <value>
                <![CDATA[karim]]>
              </value>
            </param>
            <param index="1">
              <value>
                <![CDATA[987787.0]]>
              </value>
            </param>
          </params>
          <reporter-output>
          </reporter-output>
        </test-method> <!-- discoverLoginTest -->
        <test-method is-config="true" signature="tearDown()[pri:0, instance:com.datadriven.test.dataDrivenTest@156b88f5]" started-at="2018-10-15T01:10:46Z" name="tearDown" finished-at="2018-10-15T01:10:46Z" duration-ms="134" status="PASS">
          <reporter-output>
          </reporter-output>
        </test-method> <!-- tearDown -->
      </class> <!-- com.datadriven.test.dataDrivenTest -->
    </test> <!-- Default test -->
  </suite> <!-- Default suite -->
</testng-results>
